\BOOKMARK [1][-]{section.1}{Describe your dataset}{}% 1
\BOOKMARK [2][-]{subsection.1.1}{}{section.1}% 2
\BOOKMARK [2][-]{subsection.1.2}{}{section.1}% 3
\BOOKMARK [2][-]{subsection.1.3}{}{section.1}% 4
\BOOKMARK [1][-]{section.2}{Adding more data}{}% 5
\BOOKMARK [2][-]{subsection.2.1}{}{section.2}% 6
\BOOKMARK [1][-]{section.3}{Querying simple patterns}{}% 7
\BOOKMARK [2][-]{subsection.3.1}{}{section.3}% 8
\BOOKMARK [2][-]{subsection.3.2}{}{section.3}% 9
\BOOKMARK [2][-]{subsection.3.3}{}{section.3}% 10
\BOOKMARK [2][-]{subsection.3.4}{}{section.3}% 11
\BOOKMARK [2][-]{subsection.3.5}{}{section.3}% 12
\BOOKMARK [2][-]{subsection.3.6}{}{section.3}% 13
\BOOKMARK [1][-]{section.4}{Querying complex patterns}{}% 14
\BOOKMARK [2][-]{subsection.4.1}{}{section.4}% 15
\BOOKMARK [2][-]{subsection.4.2}{}{section.4}% 16
\BOOKMARK [2][-]{subsection.4.3}{}{section.4}% 17
\BOOKMARK [2][-]{subsection.4.4}{}{section.4}% 18
\BOOKMARK [2][-]{subsection.4.5}{}{section.4}% 19
\BOOKMARK [2][-]{subsection.4.6}{}{section.4}% 20
\BOOKMARK [2][-]{subsection.4.7}{}{section.4}% 21
\BOOKMARK [1][-]{section.5}{Aggregate queries}{}% 22
\BOOKMARK [2][-]{subsection.5.1}{}{section.5}% 23
\BOOKMARK [2][-]{subsection.5.2}{}{section.5}% 24
\BOOKMARK [2][-]{subsection.5.3}{}{section.5}% 25
\BOOKMARK [2][-]{subsection.5.4}{}{section.5}% 26
\BOOKMARK [2][-]{subsection.5.5}{}{section.5}% 27
\BOOKMARK [2][-]{subsection.5.6}{}{section.5}% 28
\BOOKMARK [1][-]{section.6}{Adjacency list and distribution}{}% 29
\BOOKMARK [2][-]{subsection.6.1}{}{section.6}% 30
\BOOKMARK [2][-]{subsection.6.2}{}{section.6}% 31
\BOOKMARK [2][-]{subsection.6.3}{}{section.6}% 32
\BOOKMARK [2][-]{subsection.6.4}{}{section.6}% 33
\BOOKMARK [1][-]{section.7}{Measuring the running time of queries}{}% 34
